Arguments: 
  /usr/local/Cellar/node/9.4.0/bin/node /usr/local/bin/yarn add load-googleMaps-api

PATH: 
  /Users/dan/.rbenv/shims:/Users/dan/.rbenv/bin:/usr/local/opt/google-cloud-sdk/bin:/usr/local/sbin:/Users/dan/.platformsh/bin:/Users/dan/go/bin:/usr/local/bin:/usr/local/mysql/bin:/usr/local/sbin:/Users/dan/.composer/vendor/bin:/usr/local/opt/apache-maven-3.5.4/bin:/Users/dan/bin:/usr/local/bin:/Users/dan/.cargo/bin:/usr/bin:/bin:/usr/sbin:/sbin:/usr/local/bin:/usr/local/go/bin:/Users/dan/.composer/vendor/bin:/usr/local/opt/fzf/bin

Yarn version: 
  1.9.4

Node version: 
  11.0.0

Platform: 
  darwin x64

Trace: 
  Error: https://registry.yarnpkg.com/load-googleMaps-api: Not found
      at Request.params.callback [as _callback] (/usr/local/lib/node_modules/yarn/lib/cli.js:64202:18)
      at Request.self.callback (/usr/local/lib/node_modules/yarn/lib/cli.js:137468:22)
      at Request.emit (events.js:182:13)
      at Request.<anonymous> (/usr/local/lib/node_modules/yarn/lib/cli.js:138440:10)
      at Request.emit (events.js:182:13)
      at IncomingMessage.<anonymous> (/usr/local/lib/node_modules/yarn/lib/cli.js:138362:12)
      at Object.onceWrapper (events.js:273:13)
      at IncomingMessage.emit (events.js:187:15)
      at endReadableNT (_stream_readable.js:1094:12)
      at process.internalTickCallback (internal/process/next_tick.js:72:19)

npm manifest: 
  {
    "name": "homscout-elm",
    "version": "1.0.0",
    "main": "index.js",
    "author": "Dan Bruder <ddbruder@gmail.com>",
    "license": "MIT",
    "private": true,
    "scripts": {
      "start": "elm-app start"
    },
    "dependencies": {
      "google-map": "GoogleWebComponents/google-map",
      "load-google-maps-api": "^1.3.2"
    }
  }

yarn manifest: 
  No manifest

Lockfile: 
  # THIS IS AN AUTOGENERATED FILE. DO NOT EDIT THIS FILE DIRECTLY.
  # yarn lockfile v1
  
  
  google-map@GoogleWebComponents/google-map:
    version "0.0.0"
    resolved "https://codeload.github.com/GoogleWebComponents/google-map/tar.gz/12c10afdd3bbbc93bf9683106c0a6c72fee1773f"
  
  load-google-maps-api@^1.3.2:
    version "1.3.2"
    resolved "https://registry.yarnpkg.com/load-google-maps-api/-/load-google-maps-api-1.3.2.tgz#ae1b0052b9ddf8f5a93486836a9d2b145b9d2205"
